2025-08-03 17:06:06: nginx is down! Restarting...
2025-08-03 17:06:06: docker is down! Restarting...
2025-08-03 17:06:06: sshd is running fine.
2025-08-03 17:13:56: nginx is running fine.
2025-08-03 17:13:56: docker is running fine.
2025-08-03 17:13:56: sshd is running fine.
2025-08-03 17:15:12: nginx is running fine.
2025-08-03 17:15:12: docker is down! Restarting...
2025-08-03 17:15:12: sshd is running fine.
2025-08-03 17:21:32: nginx is down! Restarting...
2025-08-03 17:21:32: docker is down! Restarting...
2025-08-03 17:21:32: sshd is running fine.
2025-08-03 17:45:01: nginx is down! Restarting...
2025-08-03 17:45:01: docker is down! Restarting...
2025-08-03 17:45:01: sshd is running fine.
2025-08-03 17:50:01: nginx is running fine.
2025-08-03 17:50:01: docker is running fine.
2025-08-03 17:50:01: sshd is running fine.
2025-08-03 17:55:01: nginx is running fine.
2025-08-03 17:55:01: docker is running fine.
2025-08-03 17:55:01: sshd is running fine.
2025-08-03 18:00:01: nginx is running fine.
2025-08-03 18:00:01: docker is running fine.
2025-08-03 18:00:01: sshd is running fine.
2025-08-03 18:05:01: nginx is running fine.
2025-08-03 18:05:01: docker is running fine.
2025-08-03 18:05:01: sshd is running fine.
2025-08-03 18:10:01: nginx is running fine.
2025-08-03 18:10:01: docker is running fine.
2025-08-03 18:10:01: sshd is running fine.
2025-08-03 18:15:01: nginx is running fine.
2025-08-03 18:15:01: docker is running fine.
2025-08-03 18:15:01: sshd is running fine.
2025-08-03 18:20:01: nginx is running fine.
2025-08-03 18:20:01: docker is running fine.
2025-08-03 18:20:01: sshd is running fine.
2025-08-03 18:25:01: nginx is running fine.
2025-08-03 18:25:01: docker is running fine.
2025-08-03 18:25:01: sshd is running fine.
2025-08-03 18:30:01: nginx is running fine.
2025-08-03 18:30:01: docker is running fine.
2025-08-03 18:30:01: sshd is running fine.
2025-08-03 18:35:02: nginx is running fine.
2025-08-03 18:35:02: docker is running fine.
2025-08-03 18:35:02: sshd is running fine.
2025-08-03 18:40:01: nginx is running fine.
2025-08-03 18:40:01: docker is running fine.
2025-08-03 18:40:01: sshd is running fine.
2025-08-03 18:45:01: nginx is running fine.
2025-08-03 18:45:01: docker is running fine.
2025-08-03 18:45:01: sshd is running fine.
2025-08-03 18:50:01: nginx is running fine.
2025-08-03 18:50:01: docker is running fine.
2025-08-03 18:50:01: sshd is running fine.
2025-08-03 18:55:01: nginx is running fine.
2025-08-03 18:55:01: docker is running fine.
2025-08-03 18:55:01: sshd is running fine.
2025-08-03 19:00:01: nginx is down! Restarting...
2025-08-03 19:00:01: docker is running fine.
2025-08-03 19:00:01: sshd is running fine.
2025-08-03 19:05:01: nginx is running fine.
2025-08-03 19:05:01: docker is running fine.
2025-08-03 19:05:01: sshd is running fine.
2025-08-03 19:10:01: nginx is running fine.
2025-08-03 19:10:01: docker is down! Restarting...
2025-08-03 19:10:01: sshd is running fine.
2025-08-03 19:15:01: nginx is running fine.
2025-08-03 19:15:01: docker is running fine.
2025-08-03 19:15:01: sshd is running fine.
